Command line:
   Disk_Controller_isim_beh.exe
     -simmode  gui
     -simrunnum  0
     -socket  64177

Sun Feb 12 02:47:54 2017


 Elaboration Time: 0.0312 sec

 Current Memory Usage: 663.343 Meg

 Total Signals          : 12
 Total Nets             : 59
 Total Signal Drivers   : 9
 Total Blocks           : 2
 Total Primitive Blocks : 2
 Total Processes        : 4
 Total Traceable Variables  : 8
 Total Scalar Nets and Variables : 419
Total Line Count : 18

 Total Simulation Time: 0.0312 sec

 Current Memory Usage: 663.343 Meg

Sun Feb 12 02:48:15 2017

